# JRE version: Java(TM) SE Runtime Environment (11.0+28) (build 11+28)
# Java VM: Java HotSpot(TM) 64-Bit Server VM (11+28, mixed mode, tiered, compressed oops, g1 gc, windows-amd64)
Heap:
 garbage-first heap   total 260096K, used 83509K [0x0000000702c00000, 0x0000000800000000)
  region size 1024K, 52 young (53248K), 3 survivors (3072K)
 Metaspace       used 28522K, capacity 28962K, committed 29056K, reserved 1079296K
  class space    used 3695K, capacity 3876K, committed 3968K, reserved 1048576K
GC Heap History (8 events):
Event: 1.307 GC heap before
{Heap before GC invocations=0 (full 0):
 garbage-first heap   total 260096K, used 38912K [0x0000000702c00000, 0x0000000800000000)
  region size 1024K, 24 young (24576K), 0 survivors (0K)
 Metaspace       used 8542K, capacity 8677K, committed 8832K, reserved 1056768K
  class space    used 755K, capacity 804K, committed 896K, reserved 1048576K
}
Event: 1.312 GC heap after
{Heap after GC invocations=1 (full 0):
 garbage-first heap   total 260096K, used 32105K [0x0000000702c00000, 0x0000000800000000)
  region size 1024K, 3 young (3072K), 3 survivors (3072K)
 Metaspace       used 8542K, capacity 8677K, committed 8832K, reserved 1056768K
  class space    used 755K, capacity 804K, committed 896K, reserved 1048576K
}
Event: 2.398 GC heap before
{Heap before GC invocations=1 (full 0):
 garbage-first heap   total 260096K, used 45417K [0x0000000702c00000, 0x0000000800000000)
  region size 1024K, 17 young (17408K), 3 survivors (3072K)
 Metaspace       used 13739K, capacity 13950K, committed 14080K, reserved 1060864K
  class space    used 1632K, capacity 1713K, committed 1792K, reserved 1048576K
}
Event: 2.400 GC heap after
{Heap after GC invocations=2 (full 0):
 garbage-first heap   total 260096K, used 32740K [0x0000000702c00000, 0x0000000800000000)
  region size 1024K, 1 young (1024K), 1 survivors (1024K)
 Metaspace       used 13739K, capacity 13950K, committed 14080K, reserved 1060864K
  class space    used 1632K, capacity 1713K, committed 1792K, reserved 1048576K
}
Event: 4.052 GC heap before
{Heap before GC invocations=2 (full 0):
 garbage-first heap   total 260096K, used 68580K [0x0000000702c00000, 0x0000000800000000)
  region size 1024K, 36 young (36864K), 1 survivors (1024K)
 Metaspace       used 20296K, capacity 20709K, committed 20864K, reserved 1067008K
  class space    used 2524K, capacity 2681K, committed 2688K, reserved 1048576K
}
Event: 4.054 GC heap after
{Heap after GC invocations=3 (full 0):
 garbage-first heap   total 260096K, used 34183K [0x0000000702c00000, 0x0000000800000000)
  region size 1024K, 3 young (3072K), 3 survivors (3072K)
 Metaspace       used 20296K, capacity 20709K, committed 20864K, reserved 1067008K
  class space    used 2524K, capacity 2681K, committed 2688K, reserved 1048576K
}
Event: 4.122 GC heap before
{Heap before GC invocations=3 (full 0):
 garbage-first heap   total 260096K, used 35207K [0x0000000702c00000, 0x0000000800000000)
  region size 1024K, 5 young (5120K), 3 survivors (3072K)
 Metaspace       used 20844K, capacity 21165K, committed 21248K, reserved 1067008K
  class space    used 2607K, capacity 2750K, committed 2816K, reserved 1048576K
}
Event: 4.125 GC heap after
{Heap after GC invocations=4 (full 0):
 garbage-first heap   total 260096K, used 34357K [0x0000000702c00000, 0x0000000800000000)
  region size 1024K, 3 young (3072K), 3 survivors (3072K)
 Metaspace       used 20844K, capacity 21165K, committed 21248K, reserved 1067008K
  class space    used 2607K, capacity 2750K, committed 2816K, reserved 1048576K
}

